  constantes.cpp
C:\Users\manue\Desktop\react\ProjetoEDA\OficinaEDA\constantes.cpp(45,12): warning C4244: 'argumento': conversão de 'time_t' para 'unsigned int', possível perda de dados
  ficheiro.cpp
C:\Users\manue\Desktop\react\ProjetoEDA\OficinaEDA\ficheiro.cpp(60,9): error C2672: 'getline': nenhuma função sobrecarregada correspondente encontrada
C:\Program Files\Microsoft Visual Studio\2022\Community\VC\Tools\MSVC\14.34.31933\include\string(83,32): message : poderia ser 'std::basic_istream<_Elem,_Traits> &std::getline(std::basic_istream<_Elem,_Traits> &,std::basic_string<_Elem,_Traits,_Alloc> &)'
C:\Users\manue\Desktop\react\ProjetoEDA\OficinaEDA\ficheiro.cpp(60,9): message : 'std::basic_istream<_Elem,_Traits> &std::getline(std::basic_istream<_Elem,_Traits> &,std::basic_string<_Elem,_Traits,_Alloc> &)': não foi possível deduzir o argumento de modelo para 'std::basic_istream<_Elem,_Traits> &' de 'std::ifstream'
C:\Program Files\Microsoft Visual Studio\2022\Community\VC\Tools\MSVC\14.34.31933\include\string(83,32): message : consulte a declaração de 'std::getline'
C:\Users\manue\Desktop\react\ProjetoEDA\OficinaEDA\ficheiro.cpp(60,9): message : 'std::basic_istream<_Elem,_Traits> &std::getline(std::basic_istream<_Elem,_Traits> &,std::basic_string<_Elem,_Traits,_Alloc> &)': não foi possível deduzir o argumento de modelo para 'std::basic_string<_Elem,_Traits,_Alloc> &' de 'bool'
C:\Program Files\Microsoft Visual Studio\2022\Community\VC\Tools\MSVC\14.34.31933\include\string(83,32): message : consulte a declaração de 'std::getline'
C:\Program Files\Microsoft Visual Studio\2022\Community\VC\Tools\MSVC\14.34.31933\include\string(76,32): message : ou       'std::basic_istream<_Elem,_Traits> &std::getline(std::basic_istream<_Elem,_Traits> &,std::basic_string<_Elem,_Traits,_Alloc> &,const _Elem)'
C:\Users\manue\Desktop\react\ProjetoEDA\OficinaEDA\ficheiro.cpp(60,9): message : 'std::basic_istream<_Elem,_Traits> &std::getline(std::basic_istream<_Elem,_Traits> &,std::basic_string<_Elem,_Traits,_Alloc> &,const _Elem)': espera argumentos 3 - 2 fornecido
C:\Program Files\Microsoft Visual Studio\2022\Community\VC\Tools\MSVC\14.34.31933\include\string(69,32): message : ou       'std::basic_istream<_Elem,_Traits> &std::getline(std::basic_istream<_Elem,_Traits> &&,std::basic_string<_Elem,_Traits,_Alloc> &)'
C:\Users\manue\Desktop\react\ProjetoEDA\OficinaEDA\ficheiro.cpp(60,9): message : 'std::basic_istream<_Elem,_Traits> &std::getline(std::basic_istream<_Elem,_Traits> &&,std::basic_string<_Elem,_Traits,_Alloc> &)': não foi possível deduzir o argumento de modelo para 'std::basic_istream<_Elem,_Traits> &&' de 'std::ifstream'
C:\Program Files\Microsoft Visual Studio\2022\Community\VC\Tools\MSVC\14.34.31933\include\string(69,32): message : consulte a declaração de 'std::getline'
C:\Users\manue\Desktop\react\ProjetoEDA\OficinaEDA\ficheiro.cpp(60,9): message : 'std::basic_istream<_Elem,_Traits> &std::getline(std::basic_istream<_Elem,_Traits> &&,std::basic_string<_Elem,_Traits,_Alloc> &)': não foi possível deduzir o argumento de modelo para 'std::basic_string<_Elem,_Traits,_Alloc> &' de 'bool'
C:\Program Files\Microsoft Visual Studio\2022\Community\VC\Tools\MSVC\14.34.31933\include\string(69,32): message : consulte a declaração de 'std::getline'
C:\Program Files\Microsoft Visual Studio\2022\Community\VC\Tools\MSVC\14.34.31933\include\string(26,32): message : ou       'std::basic_istream<_Elem,_Traits> &std::getline(std::basic_istream<_Elem,_Traits> &&,std::basic_string<_Elem,_Traits,_Alloc> &,const _Elem)'
C:\Users\manue\Desktop\react\ProjetoEDA\OficinaEDA\ficheiro.cpp(60,9): message : 'std::basic_istream<_Elem,_Traits> &std::getline(std::basic_istream<_Elem,_Traits> &&,std::basic_string<_Elem,_Traits,_Alloc> &,const _Elem)': espera argumentos 3 - 2 fornecido
C:\Users\manue\Desktop\react\ProjetoEDA\OficinaEDA\ficheiro.cpp(122,9): error C2672: 'getline': nenhuma função sobrecarregada correspondente encontrada
C:\Program Files\Microsoft Visual Studio\2022\Community\VC\Tools\MSVC\14.34.31933\include\string(83,32): message : poderia ser 'std::basic_istream<_Elem,_Traits> &std::getline(std::basic_istream<_Elem,_Traits> &,std::basic_string<_Elem,_Traits,_Alloc> &)'
C:\Users\manue\Desktop\react\ProjetoEDA\OficinaEDA\ficheiro.cpp(122,9): message : 'std::basic_istream<_Elem,_Traits> &std::getline(std::basic_istream<_Elem,_Traits> &,std::basic_string<_Elem,_Traits,_Alloc> &)': não foi possível deduzir o argumento de modelo para 'std::basic_istream<_Elem,_Traits> &' de 'std::ifstream'
C:\Program Files\Microsoft Visual Studio\2022\Community\VC\Tools\MSVC\14.34.31933\include\string(83,32): message : consulte a declaração de 'std::getline'
C:\Users\manue\Desktop\react\ProjetoEDA\OficinaEDA\ficheiro.cpp(122,9): message : 'std::basic_istream<_Elem,_Traits> &std::getline(std::basic_istream<_Elem,_Traits> &,std::basic_string<_Elem,_Traits,_Alloc> &)': não foi possível deduzir o argumento de modelo para 'std::basic_string<_Elem,_Traits,_Alloc> &' de 'bool'
C:\Program Files\Microsoft Visual Studio\2022\Community\VC\Tools\MSVC\14.34.31933\include\string(83,32): message : consulte a declaração de 'std::getline'
C:\Program Files\Microsoft Visual Studio\2022\Community\VC\Tools\MSVC\14.34.31933\include\string(76,32): message : ou       'std::basic_istream<_Elem,_Traits> &std::getline(std::basic_istream<_Elem,_Traits> &,std::basic_string<_Elem,_Traits,_Alloc> &,const _Elem)'
C:\Users\manue\Desktop\react\ProjetoEDA\OficinaEDA\ficheiro.cpp(122,9): message : 'std::basic_istream<_Elem,_Traits> &std::getline(std::basic_istream<_Elem,_Traits> &,std::basic_string<_Elem,_Traits,_Alloc> &,const _Elem)': espera argumentos 3 - 2 fornecido
C:\Program Files\Microsoft Visual Studio\2022\Community\VC\Tools\MSVC\14.34.31933\include\string(69,32): message : ou       'std::basic_istream<_Elem,_Traits> &std::getline(std::basic_istream<_Elem,_Traits> &&,std::basic_string<_Elem,_Traits,_Alloc> &)'
C:\Users\manue\Desktop\react\ProjetoEDA\OficinaEDA\ficheiro.cpp(122,9): message : 'std::basic_istream<_Elem,_Traits> &std::getline(std::basic_istream<_Elem,_Traits> &&,std::basic_string<_Elem,_Traits,_Alloc> &)': não foi possível deduzir o argumento de modelo para 'std::basic_istream<_Elem,_Traits> &&' de 'std::ifstream'
C:\Program Files\Microsoft Visual Studio\2022\Community\VC\Tools\MSVC\14.34.31933\include\string(69,32): message : consulte a declaração de 'std::getline'
C:\Users\manue\Desktop\react\ProjetoEDA\OficinaEDA\ficheiro.cpp(122,9): message : 'std::basic_istream<_Elem,_Traits> &std::getline(std::basic_istream<_Elem,_Traits> &&,std::basic_string<_Elem,_Traits,_Alloc> &)': não foi possível deduzir o argumento de modelo para 'std::basic_string<_Elem,_Traits,_Alloc> &' de 'bool'
C:\Program Files\Microsoft Visual Studio\2022\Community\VC\Tools\MSVC\14.34.31933\include\string(69,32): message : consulte a declaração de 'std::getline'
C:\Program Files\Microsoft Visual Studio\2022\Community\VC\Tools\MSVC\14.34.31933\include\string(26,32): message : ou       'std::basic_istream<_Elem,_Traits> &std::getline(std::basic_istream<_Elem,_Traits> &&,std::basic_string<_Elem,_Traits,_Alloc> &,const _Elem)'
C:\Users\manue\Desktop\react\ProjetoEDA\OficinaEDA\ficheiro.cpp(122,9): message : 'std::basic_istream<_Elem,_Traits> &std::getline(std::basic_istream<_Elem,_Traits> &&,std::basic_string<_Elem,_Traits,_Alloc> &,const _Elem)': espera argumentos 3 - 2 fornecido
C:\Users\manue\Desktop\react\ProjetoEDA\OficinaEDA\ficheiro.cpp(246,13): error C2672: 'getline': nenhuma função sobrecarregada correspondente encontrada
C:\Program Files\Microsoft Visual Studio\2022\Community\VC\Tools\MSVC\14.34.31933\include\string(83,32): message : poderia ser 'std::basic_istream<_Elem,_Traits> &std::getline(std::basic_istream<_Elem,_Traits> &,std::basic_string<_Elem,_Traits,_Alloc> &)'
C:\Users\manue\Desktop\react\ProjetoEDA\OficinaEDA\ficheiro.cpp(246,13): message : 'std::basic_istream<_Elem,_Traits> &std::getline(std::basic_istream<_Elem,_Traits> &,std::basic_string<_Elem,_Traits,_Alloc> &)': não foi possível deduzir o argumento de modelo para 'std::basic_istream<_Elem,_Traits> &' de 'std::ifstream'
C:\Program Files\Microsoft Visual Studio\2022\Community\VC\Tools\MSVC\14.34.31933\include\string(83,32): message : consulte a declaração de 'std::getline'
C:\Users\manue\Desktop\react\ProjetoEDA\OficinaEDA\ficheiro.cpp(246,13): message : 'std::basic_istream<_Elem,_Traits> &std::getline(std::basic_istream<_Elem,_Traits> &,std::basic_string<_Elem,_Traits,_Alloc> &)': não foi possível deduzir o argumento de modelo para 'std::basic_string<_Elem,_Traits,_Alloc> &' de 'bool'
C:\Program Files\Microsoft Visual Studio\2022\Community\VC\Tools\MSVC\14.34.31933\include\string(83,32): message : consulte a declaração de 'std::getline'
C:\Program Files\Microsoft Visual Studio\2022\Community\VC\Tools\MSVC\14.34.31933\include\string(76,32): message : ou       'std::basic_istream<_Elem,_Traits> &std::getline(std::basic_istream<_Elem,_Traits> &,std::basic_string<_Elem,_Traits,_Alloc> &,const _Elem)'
C:\Users\manue\Desktop\react\ProjetoEDA\OficinaEDA\ficheiro.cpp(246,13): message : 'std::basic_istream<_Elem,_Traits> &std::getline(std::basic_istream<_Elem,_Traits> &,std::basic_string<_Elem,_Traits,_Alloc> &,const _Elem)': espera argumentos 3 - 2 fornecido
C:\Program Files\Microsoft Visual Studio\2022\Community\VC\Tools\MSVC\14.34.31933\include\string(69,32): message : ou       'std::basic_istream<_Elem,_Traits> &std::getline(std::basic_istream<_Elem,_Traits> &&,std::basic_string<_Elem,_Traits,_Alloc> &)'
C:\Users\manue\Desktop\react\ProjetoEDA\OficinaEDA\ficheiro.cpp(246,13): message : 'std::basic_istream<_Elem,_Traits> &std::getline(std::basic_istream<_Elem,_Traits> &&,std::basic_string<_Elem,_Traits,_Alloc> &)': não foi possível deduzir o argumento de modelo para 'std::basic_istream<_Elem,_Traits> &&' de 'std::ifstream'
C:\Program Files\Microsoft Visual Studio\2022\Community\VC\Tools\MSVC\14.34.31933\include\string(69,32): message : consulte a declaração de 'std::getline'
C:\Users\manue\Desktop\react\ProjetoEDA\OficinaEDA\ficheiro.cpp(246,13): message : 'std::basic_istream<_Elem,_Traits> &std::getline(std::basic_istream<_Elem,_Traits> &&,std::basic_string<_Elem,_Traits,_Alloc> &)': não foi possível deduzir o argumento de modelo para 'std::basic_string<_Elem,_Traits,_Alloc> &' de 'bool'
C:\Program Files\Microsoft Visual Studio\2022\Community\VC\Tools\MSVC\14.34.31933\include\string(69,32): message : consulte a declaração de 'std::getline'
C:\Program Files\Microsoft Visual Studio\2022\Community\VC\Tools\MSVC\14.34.31933\include\string(26,32): message : ou       'std::basic_istream<_Elem,_Traits> &std::getline(std::basic_istream<_Elem,_Traits> &&,std::basic_string<_Elem,_Traits,_Alloc> &,const _Elem)'
C:\Users\manue\Desktop\react\ProjetoEDA\OficinaEDA\ficheiro.cpp(246,13): message : 'std::basic_istream<_Elem,_Traits> &std::getline(std::basic_istream<_Elem,_Traits> &&,std::basic_string<_Elem,_Traits,_Alloc> &,const _Elem)': espera argumentos 3 - 2 fornecido
C:\Users\manue\Desktop\react\ProjetoEDA\OficinaEDA\ficheiro.cpp(261,13): error C2672: 'getline': nenhuma função sobrecarregada correspondente encontrada
C:\Program Files\Microsoft Visual Studio\2022\Community\VC\Tools\MSVC\14.34.31933\include\string(83,32): message : poderia ser 'std::basic_istream<_Elem,_Traits> &std::getline(std::basic_istream<_Elem,_Traits> &,std::basic_string<_Elem,_Traits,_Alloc> &)'
C:\Users\manue\Desktop\react\ProjetoEDA\OficinaEDA\ficheiro.cpp(261,13): message : 'std::basic_istream<_Elem,_Traits> &std::getline(std::basic_istream<_Elem,_Traits> &,std::basic_string<_Elem,_Traits,_Alloc> &)': não foi possível deduzir o argumento de modelo para 'std::basic_istream<_Elem,_Traits> &' de 'std::ifstream'
C:\Program Files\Microsoft Visual Studio\2022\Community\VC\Tools\MSVC\14.34.31933\include\string(83,32): message : consulte a declaração de 'std::getline'
C:\Users\manue\Desktop\react\ProjetoEDA\OficinaEDA\ficheiro.cpp(261,13): message : 'std::basic_istream<_Elem,_Traits> &std::getline(std::basic_istream<_Elem,_Traits> &,std::basic_string<_Elem,_Traits,_Alloc> &)': não foi possível deduzir o argumento de modelo para 'std::basic_string<_Elem,_Traits,_Alloc> &' de 'bool'
C:\Program Files\Microsoft Visual Studio\2022\Community\VC\Tools\MSVC\14.34.31933\include\string(83,32): message : consulte a declaração de 'std::getline'
C:\Program Files\Microsoft Visual Studio\2022\Community\VC\Tools\MSVC\14.34.31933\include\string(76,32): message : ou       'std::basic_istream<_Elem,_Traits> &std::getline(std::basic_istream<_Elem,_Traits> &,std::basic_string<_Elem,_Traits,_Alloc> &,const _Elem)'
C:\Users\manue\Desktop\react\ProjetoEDA\OficinaEDA\ficheiro.cpp(261,13): message : 'std::basic_istream<_Elem,_Traits> &std::getline(std::basic_istream<_Elem,_Traits> &,std::basic_string<_Elem,_Traits,_Alloc> &,const _Elem)': espera argumentos 3 - 2 fornecido
C:\Program Files\Microsoft Visual Studio\2022\Community\VC\Tools\MSVC\14.34.31933\include\string(69,32): message : ou       'std::basic_istream<_Elem,_Traits> &std::getline(std::basic_istream<_Elem,_Traits> &&,std::basic_string<_Elem,_Traits,_Alloc> &)'
C:\Users\manue\Desktop\react\ProjetoEDA\OficinaEDA\ficheiro.cpp(261,13): message : 'std::basic_istream<_Elem,_Traits> &std::getline(std::basic_istream<_Elem,_Traits> &&,std::basic_string<_Elem,_Traits,_Alloc> &)': não foi possível deduzir o argumento de modelo para 'std::basic_istream<_Elem,_Traits> &&' de 'std::ifstream'
C:\Program Files\Microsoft Visual Studio\2022\Community\VC\Tools\MSVC\14.34.31933\include\string(69,32): message : consulte a declaração de 'std::getline'
C:\Users\manue\Desktop\react\ProjetoEDA\OficinaEDA\ficheiro.cpp(261,13): message : 'std::basic_istream<_Elem,_Traits> &std::getline(std::basic_istream<_Elem,_Traits> &&,std::basic_string<_Elem,_Traits,_Alloc> &)': não foi possível deduzir o argumento de modelo para 'std::basic_string<_Elem,_Traits,_Alloc> &' de 'bool'
C:\Program Files\Microsoft Visual Studio\2022\Community\VC\Tools\MSVC\14.34.31933\include\string(69,32): message : consulte a declaração de 'std::getline'
C:\Program Files\Microsoft Visual Studio\2022\Community\VC\Tools\MSVC\14.34.31933\include\string(26,32): message : ou       'std::basic_istream<_Elem,_Traits> &std::getline(std::basic_istream<_Elem,_Traits> &&,std::basic_string<_Elem,_Traits,_Alloc> &,const _Elem)'
C:\Users\manue\Desktop\react\ProjetoEDA\OficinaEDA\ficheiro.cpp(261,13): message : 'std::basic_istream<_Elem,_Traits> &std::getline(std::basic_istream<_Elem,_Traits> &&,std::basic_string<_Elem,_Traits,_Alloc> &,const _Elem)': espera argumentos 3 - 2 fornecido
  main.cpp
C:\Users\manue\Desktop\react\ProjetoEDA\OficinaEDA\main.cpp(14,15): warning C4244: 'argumento': conversão de 'time_t' para 'unsigned int', possível perda de dados
  oficina.cpp
  Gerando Código...
